[0.168s] DEBUG:colcon:Command line arguments: ['/usr/bin/colcon', 'build']
[0.169s] DEBUG:colcon:Parsed command line arguments: Namespace(log_base=None, log_level=None, verb_name='build', build_base='build', install_base='install', merge_install=False, symlink_install=False, test_result_base=None, continue_on_error=False, executor='parallel', parallel_workers=4, event_handlers=None, ignore_user_meta=False, metas=['./colcon.meta'], base_paths=['.'], packages_ignore=None, packages_ignore_regex=None, paths=None, packages_up_to=None, packages_up_to_regex=None, packages_above=None, packages_above_and_dependencies=None, packages_above_depth=None, packages_select_by_dep=None, packages_skip_by_dep=None, packages_skip_up_to=None, packages_select_build_failed=False, packages_skip_build_finished=False, packages_select_test_failures=False, packages_skip_test_passed=False, packages_select=None, packages_skip=None, packages_select_regex=None, packages_skip_regex=None, packages_start=None, packages_end=None, allow_overriding=[], cmake_args=None, cmake_target=None, cmake_target_skip_unavailable=False, cmake_clean_cache=False, cmake_clean_first=False, cmake_force_configure=False, ament_cmake_args=None, catkin_cmake_args=None, catkin_skip_building_tests=False, mixin_files=None, mixin=None, verb_parser=<colcon_mixin.mixin.mixin_argument.MixinArgumentDecorator object at 0x7bfe44988f20>, verb_extension=<colcon_core.verb.build.BuildVerb object at 0x7bfe44967500>, main=<bound method BuildVerb.main of <colcon_core.verb.build.BuildVerb object at 0x7bfe44967500>>, mixin_verb=('build',))
[0.223s] Level 1:colcon.colcon_core.package_discovery:discover_packages(colcon_meta) check parameters
[0.223s] Level 1:colcon.colcon_core.package_discovery:discover_packages(recursive) check parameters
[0.223s] Level 1:colcon.colcon_core.package_discovery:discover_packages(ignore) check parameters
[0.223s] Level 1:colcon.colcon_core.package_discovery:discover_packages(path) check parameters
[0.223s] Level 1:colcon.colcon_core.package_discovery:discover_packages(colcon_meta) discover
[0.224s] Level 1:colcon.colcon_core.package_discovery:discover_packages(recursive) discover
[0.224s] INFO:colcon.colcon_core.package_discovery:Crawling recursively for packages in '/home/arrgusr/ROS2Dev/D_Mecatronico'
[0.224s] Level 1:colcon.colcon_core.package_identification:_identify(.) by extensions ['ignore', 'ignore_ament_install']
[0.224s] Level 1:colcon.colcon_core.package_identification:_identify(.) by extension 'ignore'
[0.224s] Level 1:colcon.colcon_core.package_identification:_identify(.) by extension 'ignore_ament_install'
[0.224s] Level 1:colcon.colcon_core.package_identification:_identify(.) by extensions ['colcon_pkg']
[0.224s] Level 1:colcon.colcon_core.package_identification:_identify(.) by extension 'colcon_pkg'
[0.224s] Level 1:colcon.colcon_core.package_identification:_identify(.) by extensions ['colcon_meta']
[0.224s] Level 1:colcon.colcon_core.package_identification:_identify(.) by extension 'colcon_meta'
[0.224s] Level 1:colcon.colcon_core.package_identification:_identify(.) by extensions ['ros']
[0.224s] Level 1:colcon.colcon_core.package_identification:_identify(.) by extension 'ros'
[0.252s] Level 1:colcon.colcon_core.package_identification:_identify(.) by extensions ['cmake', 'python']
[0.252s] Level 1:colcon.colcon_core.package_identification:_identify(.) by extension 'cmake'
[0.252s] Level 1:colcon.colcon_core.package_identification:_identify(.) by extension 'python'
[0.252s] Level 1:colcon.colcon_core.package_identification:_identify(.) by extensions ['python_setup_py']
[0.252s] Level 1:colcon.colcon_core.package_identification:_identify(.) by extension 'python_setup_py'
[0.252s] Level 1:colcon.colcon_core.package_identification:_identify(build) by extensions ['ignore', 'ignore_ament_install']
[0.252s] Level 1:colcon.colcon_core.package_identification:_identify(build) by extension 'ignore'
[0.252s] Level 1:colcon.colcon_core.package_identification:_identify(build) ignored
[0.252s] Level 1:colcon.colcon_core.package_identification:_identify(install) by extensions ['ignore', 'ignore_ament_install']
[0.252s] Level 1:colcon.colcon_core.package_identification:_identify(install) by extension 'ignore'
[0.252s] Level 1:colcon.colcon_core.package_identification:_identify(install) ignored
[0.253s] Level 1:colcon.colcon_core.package_identification:_identify(log) by extensions ['ignore', 'ignore_ament_install']
[0.253s] Level 1:colcon.colcon_core.package_identification:_identify(log) by extension 'ignore'
[0.253s] Level 1:colcon.colcon_core.package_identification:_identify(log) ignored
[0.253s] Level 1:colcon.colcon_core.package_identification:_identify(src) by extensions ['ignore', 'ignore_ament_install']
[0.253s] Level 1:colcon.colcon_core.package_identification:_identify(src) by extension 'ignore'
[0.253s] Level 1:colcon.colcon_core.package_identification:_identify(src) by extension 'ignore_ament_install'
[0.253s] Level 1:colcon.colcon_core.package_identification:_identify(src) by extensions ['colcon_pkg']
[0.253s] Level 1:colcon.colcon_core.package_identification:_identify(src) by extension 'colcon_pkg'
[0.253s] Level 1:colcon.colcon_core.package_identification:_identify(src) by extensions ['colcon_meta']
[0.253s] Level 1:colcon.colcon_core.package_identification:_identify(src) by extension 'colcon_meta'
[0.253s] Level 1:colcon.colcon_core.package_identification:_identify(src) by extensions ['ros']
[0.253s] Level 1:colcon.colcon_core.package_identification:_identify(src) by extension 'ros'
[0.253s] Level 1:colcon.colcon_core.package_identification:_identify(src) by extensions ['cmake', 'python']
[0.253s] Level 1:colcon.colcon_core.package_identification:_identify(src) by extension 'cmake'
[0.253s] Level 1:colcon.colcon_core.package_identification:_identify(src) by extension 'python'
[0.253s] Level 1:colcon.colcon_core.package_identification:_identify(src) by extensions ['python_setup_py']
[0.253s] Level 1:colcon.colcon_core.package_identification:_identify(src) by extension 'python_setup_py'
[0.253s] Level 1:colcon.colcon_core.package_identification:_identify(src/arm_description) by extensions ['ignore', 'ignore_ament_install']
[0.254s] Level 1:colcon.colcon_core.package_identification:_identify(src/arm_description) by extension 'ignore'
[0.254s] Level 1:colcon.colcon_core.package_identification:_identify(src/arm_description) by extension 'ignore_ament_install'
[0.254s] Level 1:colcon.colcon_core.package_identification:_identify(src/arm_description) by extensions ['colcon_pkg']
[0.254s] Level 1:colcon.colcon_core.package_identification:_identify(src/arm_description) by extension 'colcon_pkg'
[0.254s] Level 1:colcon.colcon_core.package_identification:_identify(src/arm_description) by extensions ['colcon_meta']
[0.254s] Level 1:colcon.colcon_core.package_identification:_identify(src/arm_description) by extension 'colcon_meta'
[0.254s] Level 1:colcon.colcon_core.package_identification:_identify(src/arm_description) by extensions ['ros']
[0.254s] Level 1:colcon.colcon_core.package_identification:_identify(src/arm_description) by extension 'ros'
[0.257s] DEBUG:colcon.colcon_core.package_identification:Package 'src/arm_description' with type 'ros.ament_cmake' and name 'arm_description'
[0.257s] Level 1:colcon.colcon_core.package_discovery:discover_packages(recursive) using defaults
[0.257s] Level 1:colcon.colcon_core.package_discovery:discover_packages(ignore) discover
[0.257s] Level 1:colcon.colcon_core.package_discovery:discover_packages(ignore) using defaults
[0.257s] Level 1:colcon.colcon_core.package_discovery:discover_packages(path) discover
[0.257s] Level 1:colcon.colcon_core.package_discovery:discover_packages(path) using defaults
[0.279s] Level 1:colcon.colcon_core.package_discovery:discover_packages(prefix_path) check parameters
[0.279s] Level 1:colcon.colcon_core.package_discovery:discover_packages(prefix_path) discover
[0.281s] DEBUG:colcon.colcon_installed_package_information.package_discovery:Found 1 installed packages in /home/arrgusr/ROS2Dev/D_Mecatronico/install
[0.284s] DEBUG:colcon.colcon_installed_package_information.package_discovery:Found 372 installed packages in /opt/ros/jazzy
[0.287s] Level 1:colcon.colcon_core.package_discovery:discover_packages(prefix_path) using defaults
[0.342s] Level 5:colcon.colcon_core.verb:set package 'arm_description' build argument 'cmake_args' from command line to 'None'
[0.342s] Level 5:colcon.colcon_core.verb:set package 'arm_description' build argument 'cmake_target' from command line to 'None'
[0.342s] Level 5:colcon.colcon_core.verb:set package 'arm_description' build argument 'cmake_target_skip_unavailable' from command line to 'False'
[0.342s] Level 5:colcon.colcon_core.verb:set package 'arm_description' build argument 'cmake_clean_cache' from command line to 'False'
[0.342s] Level 5:colcon.colcon_core.verb:set package 'arm_description' build argument 'cmake_clean_first' from command line to 'False'
[0.342s] Level 5:colcon.colcon_core.verb:set package 'arm_description' build argument 'cmake_force_configure' from command line to 'False'
[0.342s] Level 5:colcon.colcon_core.verb:set package 'arm_description' build argument 'ament_cmake_args' from command line to 'None'
[0.342s] Level 5:colcon.colcon_core.verb:set package 'arm_description' build argument 'catkin_cmake_args' from command line to 'None'
[0.342s] Level 5:colcon.colcon_core.verb:set package 'arm_description' build argument 'catkin_skip_building_tests' from command line to 'False'
[0.342s] DEBUG:colcon.colcon_core.verb:Building package 'arm_description' with the following arguments: {'ament_cmake_args': None, 'build_base': '/home/arrgusr/ROS2Dev/D_Mecatronico/build/arm_description', 'catkin_cmake_args': None, 'catkin_skip_building_tests': False, 'cmake_args': None, 'cmake_clean_cache': False, 'cmake_clean_first': False, 'cmake_force_configure': False, 'cmake_target': None, 'cmake_target_skip_unavailable': False, 'install_base': '/home/arrgusr/ROS2Dev/D_Mecatronico/install/arm_description', 'merge_install': False, 'path': '/home/arrgusr/ROS2Dev/D_Mecatronico/src/arm_description', 'symlink_install': False, 'test_result_base': None}
[0.342s] INFO:colcon.colcon_core.executor:Executing jobs using 'parallel' executor
[0.345s] DEBUG:colcon.colcon_parallel_executor.executor.parallel:run_until_complete
[0.346s] INFO:colcon.colcon_ros.task.ament_cmake.build:Building ROS package in '/home/arrgusr/ROS2Dev/D_Mecatronico/src/arm_description' with build type 'ament_cmake'
[0.346s] INFO:colcon.colcon_cmake.task.cmake.build:Building CMake package in '/home/arrgusr/ROS2Dev/D_Mecatronico/src/arm_description'
[0.349s] INFO:colcon.colcon_core.plugin_system:Skipping extension 'colcon_core.shell.bat': Not used on non-Windows systems
[0.350s] INFO:colcon.colcon_core.shell:Skip shell extension 'powershell' for command environment: Not usable outside of PowerShell
[0.350s] DEBUG:colcon.colcon_core.shell:Skip shell extension 'dsv' for command environment
[0.376s] DEBUG:colcon.colcon_core.event_handler.log_command:Invoking command in '/home/arrgusr/ROS2Dev/D_Mecatronico/build/arm_description': CMAKE_PREFIX_PATH=${CMAKE_PREFIX_PATH}:/opt/ros/jazzy DEBUGINFOD_URLS=https://debuginfod.ubuntu.com /usr/bin/cmake --build /home/arrgusr/ROS2Dev/D_Mecatronico/build/arm_description -- -j4 -l4
[0.459s] DEBUG:colcon.colcon_core.event_handler.log_command:Invoked command in '/home/arrgusr/ROS2Dev/D_Mecatronico/build/arm_description' returned '0': CMAKE_PREFIX_PATH=${CMAKE_PREFIX_PATH}:/opt/ros/jazzy DEBUGINFOD_URLS=https://debuginfod.ubuntu.com /usr/bin/cmake --build /home/arrgusr/ROS2Dev/D_Mecatronico/build/arm_description -- -j4 -l4
[0.486s] DEBUG:colcon.colcon_core.event_handler.log_command:Invoking command in '/home/arrgusr/ROS2Dev/D_Mecatronico/build/arm_description': CMAKE_PREFIX_PATH=${CMAKE_PREFIX_PATH}:/opt/ros/jazzy DEBUGINFOD_URLS=https://debuginfod.ubuntu.com /usr/bin/cmake --install /home/arrgusr/ROS2Dev/D_Mecatronico/build/arm_description
[0.514s] Level 1:colcon.colcon_core.environment:create_environment_scripts_only(arm_description)
[0.515s] DEBUG:colcon.colcon_core.event_handler.log_command:Invoked command in '/home/arrgusr/ROS2Dev/D_Mecatronico/build/arm_description' returned '0': CMAKE_PREFIX_PATH=${CMAKE_PREFIX_PATH}:/opt/ros/jazzy DEBUGINFOD_URLS=https://debuginfod.ubuntu.com /usr/bin/cmake --install /home/arrgusr/ROS2Dev/D_Mecatronico/build/arm_description
[0.517s] Level 1:colcon.colcon_core.environment:checking '/home/arrgusr/ROS2Dev/D_Mecatronico/install/arm_description' for CMake module files
[0.518s] Level 1:colcon.colcon_core.environment:checking '/home/arrgusr/ROS2Dev/D_Mecatronico/install/arm_description' for CMake config files
[0.518s] Level 1:colcon.colcon_core.shell:create_environment_hook('arm_description', 'cmake_prefix_path')
[0.518s] INFO:colcon.colcon_core.shell:Creating environment hook '/home/arrgusr/ROS2Dev/D_Mecatronico/install/arm_description/share/arm_description/hook/cmake_prefix_path.ps1'
[0.519s] INFO:colcon.colcon_core.shell:Creating environment descriptor '/home/arrgusr/ROS2Dev/D_Mecatronico/install/arm_description/share/arm_description/hook/cmake_prefix_path.dsv'
[0.520s] INFO:colcon.colcon_core.shell:Creating environment hook '/home/arrgusr/ROS2Dev/D_Mecatronico/install/arm_description/share/arm_description/hook/cmake_prefix_path.sh'
[0.521s] Level 1:colcon.colcon_core.environment:checking '/home/arrgusr/ROS2Dev/D_Mecatronico/install/arm_description/lib'
[0.521s] Level 1:colcon.colcon_core.environment:checking '/home/arrgusr/ROS2Dev/D_Mecatronico/install/arm_description/bin'
[0.521s] Level 1:colcon.colcon_core.environment:checking '/home/arrgusr/ROS2Dev/D_Mecatronico/install/arm_description/lib/pkgconfig/arm_description.pc'
[0.522s] Level 1:colcon.colcon_core.environment:checking '/home/arrgusr/ROS2Dev/D_Mecatronico/install/arm_description/lib/python3.12/site-packages'
[0.522s] Level 1:colcon.colcon_core.environment:checking '/home/arrgusr/ROS2Dev/D_Mecatronico/install/arm_description/bin'
[0.522s] INFO:colcon.colcon_core.shell:Creating package script '/home/arrgusr/ROS2Dev/D_Mecatronico/install/arm_description/share/arm_description/package.ps1'
[0.524s] INFO:colcon.colcon_core.shell:Creating package descriptor '/home/arrgusr/ROS2Dev/D_Mecatronico/install/arm_description/share/arm_description/package.dsv'
[0.524s] INFO:colcon.colcon_core.shell:Creating package script '/home/arrgusr/ROS2Dev/D_Mecatronico/install/arm_description/share/arm_description/package.sh'
[0.525s] INFO:colcon.colcon_core.shell:Creating package script '/home/arrgusr/ROS2Dev/D_Mecatronico/install/arm_description/share/arm_description/package.bash'
[0.526s] INFO:colcon.colcon_core.shell:Creating package script '/home/arrgusr/ROS2Dev/D_Mecatronico/install/arm_description/share/arm_description/package.zsh'
[0.527s] Level 1:colcon.colcon_core.environment:create_file_with_runtime_dependencies(/home/arrgusr/ROS2Dev/D_Mecatronico/install/arm_description/share/colcon-core/packages/arm_description)
[0.528s] Level 1:colcon.colcon_core.environment:create_environment_scripts_only(arm_description)
[0.528s] Level 1:colcon.colcon_core.environment:checking '/home/arrgusr/ROS2Dev/D_Mecatronico/install/arm_description' for CMake module files
[0.528s] Level 1:colcon.colcon_core.environment:checking '/home/arrgusr/ROS2Dev/D_Mecatronico/install/arm_description' for CMake config files
[0.529s] Level 1:colcon.colcon_core.shell:create_environment_hook('arm_description', 'cmake_prefix_path')
[0.529s] INFO:colcon.colcon_core.shell:Creating environment hook '/home/arrgusr/ROS2Dev/D_Mecatronico/install/arm_description/share/arm_description/hook/cmake_prefix_path.ps1'
[0.529s] INFO:colcon.colcon_core.shell:Creating environment descriptor '/home/arrgusr/ROS2Dev/D_Mecatronico/install/arm_description/share/arm_description/hook/cmake_prefix_path.dsv'
[0.530s] INFO:colcon.colcon_core.shell:Creating environment hook '/home/arrgusr/ROS2Dev/D_Mecatronico/install/arm_description/share/arm_description/hook/cmake_prefix_path.sh'
[0.531s] Level 1:colcon.colcon_core.environment:checking '/home/arrgusr/ROS2Dev/D_Mecatronico/install/arm_description/lib'
[0.531s] Level 1:colcon.colcon_core.environment:checking '/home/arrgusr/ROS2Dev/D_Mecatronico/install/arm_description/bin'
[0.531s] Level 1:colcon.colcon_core.environment:checking '/home/arrgusr/ROS2Dev/D_Mecatronico/install/arm_description/lib/pkgconfig/arm_description.pc'
[0.531s] Level 1:colcon.colcon_core.environment:checking '/home/arrgusr/ROS2Dev/D_Mecatronico/install/arm_description/lib/python3.12/site-packages'
[0.531s] Level 1:colcon.colcon_core.environment:checking '/home/arrgusr/ROS2Dev/D_Mecatronico/install/arm_description/bin'
[0.532s] INFO:colcon.colcon_core.shell:Creating package script '/home/arrgusr/ROS2Dev/D_Mecatronico/install/arm_description/share/arm_description/package.ps1'
[0.532s] INFO:colcon.colcon_core.shell:Creating package descriptor '/home/arrgusr/ROS2Dev/D_Mecatronico/install/arm_description/share/arm_description/package.dsv'
[0.533s] INFO:colcon.colcon_core.shell:Creating package script '/home/arrgusr/ROS2Dev/D_Mecatronico/install/arm_description/share/arm_description/package.sh'
[0.534s] INFO:colcon.colcon_core.shell:Creating package script '/home/arrgusr/ROS2Dev/D_Mecatronico/install/arm_description/share/arm_description/package.bash'
[0.534s] INFO:colcon.colcon_core.shell:Creating package script '/home/arrgusr/ROS2Dev/D_Mecatronico/install/arm_description/share/arm_description/package.zsh'
[0.535s] Level 1:colcon.colcon_core.environment:create_file_with_runtime_dependencies(/home/arrgusr/ROS2Dev/D_Mecatronico/install/arm_description/share/colcon-core/packages/arm_description)
[0.536s] DEBUG:colcon.colcon_parallel_executor.executor.parallel:closing loop
[0.537s] DEBUG:colcon.colcon_parallel_executor.executor.parallel:loop closed
[0.537s] DEBUG:colcon.colcon_parallel_executor.executor.parallel:run_until_complete finished with '0'
[0.537s] DEBUG:colcon.colcon_core.event_reactor:joining thread
[0.548s] INFO:colcon.colcon_core.plugin_system:Skipping extension 'colcon_notification.desktop_notification.terminal_notifier': Not used on non-Darwin systems
[0.548s] INFO:colcon.colcon_core.plugin_system:Skipping extension 'colcon_notification.desktop_notification.win32': Not used on non-Windows systems
[0.548s] INFO:colcon.colcon_notification.desktop_notification:Sending desktop notification using 'notify2'
[0.573s] DEBUG:colcon.colcon_core.event_reactor:joined thread
[0.574s] INFO:colcon.colcon_core.shell:Creating prefix script '/home/arrgusr/ROS2Dev/D_Mecatronico/install/local_setup.ps1'
[0.577s] INFO:colcon.colcon_core.shell:Creating prefix util module '/home/arrgusr/ROS2Dev/D_Mecatronico/install/_local_setup_util_ps1.py'
[0.579s] INFO:colcon.colcon_core.shell:Creating prefix chain script '/home/arrgusr/ROS2Dev/D_Mecatronico/install/setup.ps1'
[0.581s] INFO:colcon.colcon_core.shell:Creating prefix script '/home/arrgusr/ROS2Dev/D_Mecatronico/install/local_setup.sh'
[0.583s] INFO:colcon.colcon_core.shell:Creating prefix util module '/home/arrgusr/ROS2Dev/D_Mecatronico/install/_local_setup_util_sh.py'
[0.585s] INFO:colcon.colcon_core.shell:Creating prefix chain script '/home/arrgusr/ROS2Dev/D_Mecatronico/install/setup.sh'
[0.586s] INFO:colcon.colcon_core.shell:Creating prefix script '/home/arrgusr/ROS2Dev/D_Mecatronico/install/local_setup.bash'
[0.587s] INFO:colcon.colcon_core.shell:Creating prefix chain script '/home/arrgusr/ROS2Dev/D_Mecatronico/install/setup.bash'
[0.588s] INFO:colcon.colcon_core.shell:Creating prefix script '/home/arrgusr/ROS2Dev/D_Mecatronico/install/local_setup.zsh'
[0.589s] INFO:colcon.colcon_core.shell:Creating prefix chain script '/home/arrgusr/ROS2Dev/D_Mecatronico/install/setup.zsh'
