[0.596s] DEBUG:colcon:Command line arguments: ['/usr/bin/colcon', 'build']
[0.596s] DEBUG:colcon:Parsed command line arguments: Namespace(log_base=None, log_level=None, verb_name='build', build_base='build', install_base='install', merge_install=False, symlink_install=False, test_result_base=None, continue_on_error=False, executor='parallel', parallel_workers=4, event_handlers=None, ignore_user_meta=False, metas=['./colcon.meta'], base_paths=['.'], packages_ignore=None, packages_ignore_regex=None, paths=None, packages_up_to=None, packages_up_to_regex=None, packages_above=None, packages_above_and_dependencies=None, packages_above_depth=None, packages_select_by_dep=None, packages_skip_by_dep=None, packages_skip_up_to=None, packages_select_build_failed=False, packages_skip_build_finished=False, packages_select_test_failures=False, packages_skip_test_passed=False, packages_select=None, packages_skip=None, packages_select_regex=None, packages_skip_regex=None, packages_start=None, packages_end=None, allow_overriding=[], cmake_args=None, cmake_target=None, cmake_target_skip_unavailable=False, cmake_clean_cache=False, cmake_clean_first=False, cmake_force_configure=False, ament_cmake_args=None, catkin_cmake_args=None, catkin_skip_building_tests=False, mixin_files=None, mixin=None, verb_parser=<colcon_mixin.mixin.mixin_argument.MixinArgumentDecorator object at 0x7bde3b744d40>, verb_extension=<colcon_core.verb.build.BuildVerb object at 0x7bde3b8d0b30>, main=<bound method BuildVerb.main of <colcon_core.verb.build.BuildVerb object at 0x7bde3b8d0b30>>, mixin_verb=('build',))
[0.743s] Level 1:colcon.colcon_core.package_discovery:discover_packages(colcon_meta) check parameters
[0.744s] Level 1:colcon.colcon_core.package_discovery:discover_packages(recursive) check parameters
[0.744s] Level 1:colcon.colcon_core.package_discovery:discover_packages(ignore) check parameters
[0.744s] Level 1:colcon.colcon_core.package_discovery:discover_packages(path) check parameters
[0.744s] Level 1:colcon.colcon_core.package_discovery:discover_packages(colcon_meta) discover
[0.744s] Level 1:colcon.colcon_core.package_discovery:discover_packages(recursive) discover
[0.744s] INFO:colcon.colcon_core.package_discovery:Crawling recursively for packages in '/home/arrgusr/ROS2Dev/D_Mecatronico'
[0.744s] Level 1:colcon.colcon_core.package_identification:_identify(.) by extensions ['ignore', 'ignore_ament_install']
[0.744s] Level 1:colcon.colcon_core.package_identification:_identify(.) by extension 'ignore'
[0.744s] Level 1:colcon.colcon_core.package_identification:_identify(.) by extension 'ignore_ament_install'
[0.744s] Level 1:colcon.colcon_core.package_identification:_identify(.) by extensions ['colcon_pkg']
[0.744s] Level 1:colcon.colcon_core.package_identification:_identify(.) by extension 'colcon_pkg'
[0.744s] Level 1:colcon.colcon_core.package_identification:_identify(.) by extensions ['colcon_meta']
[0.744s] Level 1:colcon.colcon_core.package_identification:_identify(.) by extension 'colcon_meta'
[0.745s] Level 1:colcon.colcon_core.package_identification:_identify(.) by extensions ['ros']
[0.745s] Level 1:colcon.colcon_core.package_identification:_identify(.) by extension 'ros'
[0.808s] Level 1:colcon.colcon_core.package_identification:_identify(.) by extensions ['cmake', 'python']
[0.808s] Level 1:colcon.colcon_core.package_identification:_identify(.) by extension 'cmake'
[0.808s] Level 1:colcon.colcon_core.package_identification:_identify(.) by extension 'python'
[0.808s] Level 1:colcon.colcon_core.package_identification:_identify(.) by extensions ['python_setup_py']
[0.809s] Level 1:colcon.colcon_core.package_identification:_identify(.) by extension 'python_setup_py'
[0.809s] Level 1:colcon.colcon_core.package_identification:_identify(build) by extensions ['ignore', 'ignore_ament_install']
[0.809s] Level 1:colcon.colcon_core.package_identification:_identify(build) by extension 'ignore'
[0.809s] Level 1:colcon.colcon_core.package_identification:_identify(build) ignored
[0.809s] Level 1:colcon.colcon_core.package_identification:_identify(install) by extensions ['ignore', 'ignore_ament_install']
[0.809s] Level 1:colcon.colcon_core.package_identification:_identify(install) by extension 'ignore'
[0.809s] Level 1:colcon.colcon_core.package_identification:_identify(install) ignored
[0.809s] Level 1:colcon.colcon_core.package_identification:_identify(log) by extensions ['ignore', 'ignore_ament_install']
[0.810s] Level 1:colcon.colcon_core.package_identification:_identify(log) by extension 'ignore'
[0.810s] Level 1:colcon.colcon_core.package_identification:_identify(log) ignored
[0.810s] Level 1:colcon.colcon_core.package_identification:_identify(src) by extensions ['ignore', 'ignore_ament_install']
[0.810s] Level 1:colcon.colcon_core.package_identification:_identify(src) by extension 'ignore'
[0.810s] Level 1:colcon.colcon_core.package_identification:_identify(src) by extension 'ignore_ament_install'
[0.810s] Level 1:colcon.colcon_core.package_identification:_identify(src) by extensions ['colcon_pkg']
[0.810s] Level 1:colcon.colcon_core.package_identification:_identify(src) by extension 'colcon_pkg'
[0.810s] Level 1:colcon.colcon_core.package_identification:_identify(src) by extensions ['colcon_meta']
[0.810s] Level 1:colcon.colcon_core.package_identification:_identify(src) by extension 'colcon_meta'
[0.810s] Level 1:colcon.colcon_core.package_identification:_identify(src) by extensions ['ros']
[0.810s] Level 1:colcon.colcon_core.package_identification:_identify(src) by extension 'ros'
[0.810s] Level 1:colcon.colcon_core.package_identification:_identify(src) by extensions ['cmake', 'python']
[0.810s] Level 1:colcon.colcon_core.package_identification:_identify(src) by extension 'cmake'
[0.810s] Level 1:colcon.colcon_core.package_identification:_identify(src) by extension 'python'
[0.810s] Level 1:colcon.colcon_core.package_identification:_identify(src) by extensions ['python_setup_py']
[0.810s] Level 1:colcon.colcon_core.package_identification:_identify(src) by extension 'python_setup_py'
[0.811s] Level 1:colcon.colcon_core.package_identification:_identify(src/arm_description) by extensions ['ignore', 'ignore_ament_install']
[0.811s] Level 1:colcon.colcon_core.package_identification:_identify(src/arm_description) by extension 'ignore'
[0.811s] Level 1:colcon.colcon_core.package_identification:_identify(src/arm_description) by extension 'ignore_ament_install'
[0.811s] Level 1:colcon.colcon_core.package_identification:_identify(src/arm_description) by extensions ['colcon_pkg']
[0.811s] Level 1:colcon.colcon_core.package_identification:_identify(src/arm_description) by extension 'colcon_pkg'
[0.811s] Level 1:colcon.colcon_core.package_identification:_identify(src/arm_description) by extensions ['colcon_meta']
[0.811s] Level 1:colcon.colcon_core.package_identification:_identify(src/arm_description) by extension 'colcon_meta'
[0.811s] Level 1:colcon.colcon_core.package_identification:_identify(src/arm_description) by extensions ['ros']
[0.811s] Level 1:colcon.colcon_core.package_identification:_identify(src/arm_description) by extension 'ros'
[0.818s] DEBUG:colcon.colcon_core.package_identification:Package 'src/arm_description' with type 'ros.ament_cmake' and name 'arm_description'
[0.818s] Level 1:colcon.colcon_core.package_discovery:discover_packages(recursive) using defaults
[0.818s] Level 1:colcon.colcon_core.package_discovery:discover_packages(ignore) discover
[0.818s] Level 1:colcon.colcon_core.package_discovery:discover_packages(ignore) using defaults
[0.818s] Level 1:colcon.colcon_core.package_discovery:discover_packages(path) discover
[0.818s] Level 1:colcon.colcon_core.package_discovery:discover_packages(path) using defaults
[0.869s] Level 1:colcon.colcon_core.package_discovery:discover_packages(prefix_path) check parameters
[0.869s] Level 1:colcon.colcon_core.package_discovery:discover_packages(prefix_path) discover
[0.893s] DEBUG:colcon.colcon_installed_package_information.package_discovery:Found 372 installed packages in /opt/ros/jazzy
[0.896s] Level 1:colcon.colcon_core.package_discovery:discover_packages(prefix_path) using defaults
[1.199s] Level 5:colcon.colcon_core.verb:set package 'arm_description' build argument 'cmake_args' from command line to 'None'
[1.199s] Level 5:colcon.colcon_core.verb:set package 'arm_description' build argument 'cmake_target' from command line to 'None'
[1.199s] Level 5:colcon.colcon_core.verb:set package 'arm_description' build argument 'cmake_target_skip_unavailable' from command line to 'False'
[1.199s] Level 5:colcon.colcon_core.verb:set package 'arm_description' build argument 'cmake_clean_cache' from command line to 'False'
[1.199s] Level 5:colcon.colcon_core.verb:set package 'arm_description' build argument 'cmake_clean_first' from command line to 'False'
[1.199s] Level 5:colcon.colcon_core.verb:set package 'arm_description' build argument 'cmake_force_configure' from command line to 'False'
[1.199s] Level 5:colcon.colcon_core.verb:set package 'arm_description' build argument 'ament_cmake_args' from command line to 'None'
[1.199s] Level 5:colcon.colcon_core.verb:set package 'arm_description' build argument 'catkin_cmake_args' from command line to 'None'
[1.199s] Level 5:colcon.colcon_core.verb:set package 'arm_description' build argument 'catkin_skip_building_tests' from command line to 'False'
[1.199s] DEBUG:colcon.colcon_core.verb:Building package 'arm_description' with the following arguments: {'ament_cmake_args': None, 'build_base': '/home/arrgusr/ROS2Dev/D_Mecatronico/build/arm_description', 'catkin_cmake_args': None, 'catkin_skip_building_tests': False, 'cmake_args': None, 'cmake_clean_cache': False, 'cmake_clean_first': False, 'cmake_force_configure': False, 'cmake_target': None, 'cmake_target_skip_unavailable': False, 'install_base': '/home/arrgusr/ROS2Dev/D_Mecatronico/install/arm_description', 'merge_install': False, 'path': '/home/arrgusr/ROS2Dev/D_Mecatronico/src/arm_description', 'symlink_install': False, 'test_result_base': None}
[1.199s] INFO:colcon.colcon_core.executor:Executing jobs using 'parallel' executor
[1.201s] DEBUG:colcon.colcon_parallel_executor.executor.parallel:run_until_complete
[1.202s] INFO:colcon.colcon_ros.task.ament_cmake.build:Building ROS package in '/home/arrgusr/ROS2Dev/D_Mecatronico/src/arm_description' with build type 'ament_cmake'
[1.202s] INFO:colcon.colcon_cmake.task.cmake.build:Building CMake package in '/home/arrgusr/ROS2Dev/D_Mecatronico/src/arm_description'
[1.242s] INFO:colcon.colcon_core.plugin_system:Skipping extension 'colcon_core.shell.bat': Not used on non-Windows systems
[1.242s] INFO:colcon.colcon_core.shell:Skip shell extension 'powershell' for command environment: Not usable outside of PowerShell
[1.242s] DEBUG:colcon.colcon_core.shell:Skip shell extension 'dsv' for command environment
[1.267s] DEBUG:colcon.colcon_core.event_handler.log_command:Invoking command in '/home/arrgusr/ROS2Dev/D_Mecatronico/build/arm_description': CMAKE_PREFIX_PATH=${CMAKE_PREFIX_PATH}:/opt/ros/jazzy DEBUGINFOD_URLS=https://debuginfod.ubuntu.com /usr/bin/cmake --build /home/arrgusr/ROS2Dev/D_Mecatronico/build/arm_description -- -j4 -l4
[1.514s] DEBUG:colcon.colcon_core.event_handler.log_command:Invoked command in '/home/arrgusr/ROS2Dev/D_Mecatronico/build/arm_description' returned '0': CMAKE_PREFIX_PATH=${CMAKE_PREFIX_PATH}:/opt/ros/jazzy DEBUGINFOD_URLS=https://debuginfod.ubuntu.com /usr/bin/cmake --build /home/arrgusr/ROS2Dev/D_Mecatronico/build/arm_description -- -j4 -l4
[1.544s] DEBUG:colcon.colcon_core.event_handler.log_command:Invoking command in '/home/arrgusr/ROS2Dev/D_Mecatronico/build/arm_description': CMAKE_PREFIX_PATH=${CMAKE_PREFIX_PATH}:/opt/ros/jazzy DEBUGINFOD_URLS=https://debuginfod.ubuntu.com /usr/bin/cmake --install /home/arrgusr/ROS2Dev/D_Mecatronico/build/arm_description
[1.582s] Level 1:colcon.colcon_core.environment:create_environment_scripts_only(arm_description)
[1.583s] DEBUG:colcon.colcon_core.event_handler.log_command:Invoked command in '/home/arrgusr/ROS2Dev/D_Mecatronico/build/arm_description' returned '0': CMAKE_PREFIX_PATH=${CMAKE_PREFIX_PATH}:/opt/ros/jazzy DEBUGINFOD_URLS=https://debuginfod.ubuntu.com /usr/bin/cmake --install /home/arrgusr/ROS2Dev/D_Mecatronico/build/arm_description
[1.598s] Level 1:colcon.colcon_core.environment:checking '/home/arrgusr/ROS2Dev/D_Mecatronico/install/arm_description' for CMake module files
[1.599s] Level 1:colcon.colcon_core.environment:checking '/home/arrgusr/ROS2Dev/D_Mecatronico/install/arm_description' for CMake config files
[1.599s] Level 1:colcon.colcon_core.shell:create_environment_hook('arm_description', 'cmake_prefix_path')
[1.599s] INFO:colcon.colcon_core.shell:Creating environment hook '/home/arrgusr/ROS2Dev/D_Mecatronico/install/arm_description/share/arm_description/hook/cmake_prefix_path.ps1'
[1.602s] INFO:colcon.colcon_core.shell:Creating environment descriptor '/home/arrgusr/ROS2Dev/D_Mecatronico/install/arm_description/share/arm_description/hook/cmake_prefix_path.dsv'
[1.603s] INFO:colcon.colcon_core.shell:Creating environment hook '/home/arrgusr/ROS2Dev/D_Mecatronico/install/arm_description/share/arm_description/hook/cmake_prefix_path.sh'
[1.606s] Level 1:colcon.colcon_core.environment:checking '/home/arrgusr/ROS2Dev/D_Mecatronico/install/arm_description/lib'
[1.606s] Level 1:colcon.colcon_core.environment:checking '/home/arrgusr/ROS2Dev/D_Mecatronico/install/arm_description/bin'
[1.607s] Level 1:colcon.colcon_core.environment:checking '/home/arrgusr/ROS2Dev/D_Mecatronico/install/arm_description/lib/pkgconfig/arm_description.pc'
[1.608s] Level 1:colcon.colcon_core.environment:checking '/home/arrgusr/ROS2Dev/D_Mecatronico/install/arm_description/lib/python3.12/site-packages'
[1.610s] Level 1:colcon.colcon_core.environment:checking '/home/arrgusr/ROS2Dev/D_Mecatronico/install/arm_description/bin'
[1.610s] INFO:colcon.colcon_core.shell:Creating package script '/home/arrgusr/ROS2Dev/D_Mecatronico/install/arm_description/share/arm_description/package.ps1'
[1.615s] INFO:colcon.colcon_core.shell:Creating package descriptor '/home/arrgusr/ROS2Dev/D_Mecatronico/install/arm_description/share/arm_description/package.dsv'
[1.620s] INFO:colcon.colcon_core.shell:Creating package script '/home/arrgusr/ROS2Dev/D_Mecatronico/install/arm_description/share/arm_description/package.sh'
[1.623s] INFO:colcon.colcon_core.shell:Creating package script '/home/arrgusr/ROS2Dev/D_Mecatronico/install/arm_description/share/arm_description/package.bash'
[1.625s] INFO:colcon.colcon_core.shell:Creating package script '/home/arrgusr/ROS2Dev/D_Mecatronico/install/arm_description/share/arm_description/package.zsh'
[1.628s] Level 1:colcon.colcon_core.environment:create_file_with_runtime_dependencies(/home/arrgusr/ROS2Dev/D_Mecatronico/install/arm_description/share/colcon-core/packages/arm_description)
[1.629s] Level 1:colcon.colcon_core.environment:create_environment_scripts_only(arm_description)
[1.630s] Level 1:colcon.colcon_core.environment:checking '/home/arrgusr/ROS2Dev/D_Mecatronico/install/arm_description' for CMake module files
[1.630s] Level 1:colcon.colcon_core.environment:checking '/home/arrgusr/ROS2Dev/D_Mecatronico/install/arm_description' for CMake config files
[1.631s] Level 1:colcon.colcon_core.shell:create_environment_hook('arm_description', 'cmake_prefix_path')
[1.631s] INFO:colcon.colcon_core.shell:Creating environment hook '/home/arrgusr/ROS2Dev/D_Mecatronico/install/arm_description/share/arm_description/hook/cmake_prefix_path.ps1'
[1.632s] INFO:colcon.colcon_core.shell:Creating environment descriptor '/home/arrgusr/ROS2Dev/D_Mecatronico/install/arm_description/share/arm_description/hook/cmake_prefix_path.dsv'
[1.633s] INFO:colcon.colcon_core.shell:Creating environment hook '/home/arrgusr/ROS2Dev/D_Mecatronico/install/arm_description/share/arm_description/hook/cmake_prefix_path.sh'
[1.634s] Level 1:colcon.colcon_core.environment:checking '/home/arrgusr/ROS2Dev/D_Mecatronico/install/arm_description/lib'
[1.634s] Level 1:colcon.colcon_core.environment:checking '/home/arrgusr/ROS2Dev/D_Mecatronico/install/arm_description/bin'
[1.634s] Level 1:colcon.colcon_core.environment:checking '/home/arrgusr/ROS2Dev/D_Mecatronico/install/arm_description/lib/pkgconfig/arm_description.pc'
[1.634s] Level 1:colcon.colcon_core.environment:checking '/home/arrgusr/ROS2Dev/D_Mecatronico/install/arm_description/lib/python3.12/site-packages'
[1.635s] Level 1:colcon.colcon_core.environment:checking '/home/arrgusr/ROS2Dev/D_Mecatronico/install/arm_description/bin'
[1.635s] INFO:colcon.colcon_core.shell:Creating package script '/home/arrgusr/ROS2Dev/D_Mecatronico/install/arm_description/share/arm_description/package.ps1'
[1.636s] INFO:colcon.colcon_core.shell:Creating package descriptor '/home/arrgusr/ROS2Dev/D_Mecatronico/install/arm_description/share/arm_description/package.dsv'
[1.637s] INFO:colcon.colcon_core.shell:Creating package script '/home/arrgusr/ROS2Dev/D_Mecatronico/install/arm_description/share/arm_description/package.sh'
[1.638s] INFO:colcon.colcon_core.shell:Creating package script '/home/arrgusr/ROS2Dev/D_Mecatronico/install/arm_description/share/arm_description/package.bash'
[1.639s] INFO:colcon.colcon_core.shell:Creating package script '/home/arrgusr/ROS2Dev/D_Mecatronico/install/arm_description/share/arm_description/package.zsh'
[1.640s] Level 1:colcon.colcon_core.environment:create_file_with_runtime_dependencies(/home/arrgusr/ROS2Dev/D_Mecatronico/install/arm_description/share/colcon-core/packages/arm_description)
[1.640s] DEBUG:colcon.colcon_parallel_executor.executor.parallel:closing loop
[1.641s] DEBUG:colcon.colcon_parallel_executor.executor.parallel:loop closed
[1.641s] DEBUG:colcon.colcon_parallel_executor.executor.parallel:run_until_complete finished with '0'
[1.641s] DEBUG:colcon.colcon_core.event_reactor:joining thread
[1.674s] INFO:colcon.colcon_core.plugin_system:Skipping extension 'colcon_notification.desktop_notification.terminal_notifier': Not used on non-Darwin systems
[1.674s] INFO:colcon.colcon_core.plugin_system:Skipping extension 'colcon_notification.desktop_notification.win32': Not used on non-Windows systems
[1.675s] INFO:colcon.colcon_notification.desktop_notification:Sending desktop notification using 'notify2'
[1.783s] DEBUG:colcon.colcon_core.event_reactor:joined thread
[1.784s] INFO:colcon.colcon_core.shell:Creating prefix script '/home/arrgusr/ROS2Dev/D_Mecatronico/install/local_setup.ps1'
[1.786s] INFO:colcon.colcon_core.shell:Creating prefix util module '/home/arrgusr/ROS2Dev/D_Mecatronico/install/_local_setup_util_ps1.py'
[1.789s] INFO:colcon.colcon_core.shell:Creating prefix chain script '/home/arrgusr/ROS2Dev/D_Mecatronico/install/setup.ps1'
[1.791s] INFO:colcon.colcon_core.shell:Creating prefix script '/home/arrgusr/ROS2Dev/D_Mecatronico/install/local_setup.sh'
[1.792s] INFO:colcon.colcon_core.shell:Creating prefix util module '/home/arrgusr/ROS2Dev/D_Mecatronico/install/_local_setup_util_sh.py'
[1.794s] INFO:colcon.colcon_core.shell:Creating prefix chain script '/home/arrgusr/ROS2Dev/D_Mecatronico/install/setup.sh'
[1.796s] INFO:colcon.colcon_core.shell:Creating prefix script '/home/arrgusr/ROS2Dev/D_Mecatronico/install/local_setup.bash'
[1.797s] INFO:colcon.colcon_core.shell:Creating prefix chain script '/home/arrgusr/ROS2Dev/D_Mecatronico/install/setup.bash'
[1.800s] INFO:colcon.colcon_core.shell:Creating prefix script '/home/arrgusr/ROS2Dev/D_Mecatronico/install/local_setup.zsh'
[1.801s] INFO:colcon.colcon_core.shell:Creating prefix chain script '/home/arrgusr/ROS2Dev/D_Mecatronico/install/setup.zsh'
