[0.044s] Invoking command in '/home/arrgusr/ROS2Dev/D_Mecatronico/build/arm_description': CMAKE_PREFIX_PATH=${CMAKE_PREFIX_PATH}:/opt/ros/jazzy DEBUGINFOD_URLS=https://debuginfod.ubuntu.com /usr/bin/cmake /home/arrgusr/ROS2Dev/D_Mecatronico/src/arm_description -DCMAKE_INSTALL_PREFIX=/home/arrgusr/ROS2Dev/D_Mecatronico/install/arm_description
[0.444s] -- The C compiler identification is GNU 13.3.0
[0.662s] -- The CXX compiler identification is GNU 13.3.0
[0.715s] -- Detecting C compiler ABI info
[0.905s] -- Detecting C compiler ABI info - done
[0.914s] -- Check for working C compiler: /usr/bin/cc - skipped
[0.915s] -- Detecting C compile features
[0.917s] -- Detecting C compile features - done
[0.941s] -- Detecting CXX compiler ABI info
[1.098s] -- Detecting CXX compiler ABI info - done
[1.105s] -- Check for working CXX compiler: /usr/bin/c++ - skipped
[1.105s] -- Detecting CXX compile features
[1.106s] -- Detecting CXX compile features - done
[1.173s] -- Found ament_cmake: 2.5.5 (/opt/ros/jazzy/share/ament_cmake/cmake)
[2.148s] -- Found Python3: /home/arrgusr/.pyenv/shims/python3 (found version "3.12.3") found components: Interpreter 
[2.480s] -- Found ament_lint_auto: 0.17.4 (/opt/ros/jazzy/share/ament_lint_auto/cmake)
[2.751s] -- Added test 'flake8' to check Python code syntax and style conventions
[2.751s] -- Configured 'flake8' exclude dirs and/or files: 
[2.755s] -- Added test 'lint_cmake' to check CMake code style
[2.758s] -- Added test 'pep257' to check Python code against some of the docstring style conventions in PEP 257
[2.761s] -- Added test 'xmllint' to check XML markup files
[2.766s] -- Configuring done (2.7s)
[2.777s] -- Generating done (0.0s)
[2.779s] -- Build files have been written to: /home/arrgusr/ROS2Dev/D_Mecatronico/build/arm_description
[2.788s] Invoked command in '/home/arrgusr/ROS2Dev/D_Mecatronico/build/arm_description' returned '0': CMAKE_PREFIX_PATH=${CMAKE_PREFIX_PATH}:/opt/ros/jazzy DEBUGINFOD_URLS=https://debuginfod.ubuntu.com /usr/bin/cmake /home/arrgusr/ROS2Dev/D_Mecatronico/src/arm_description -DCMAKE_INSTALL_PREFIX=/home/arrgusr/ROS2Dev/D_Mecatronico/install/arm_description
[2.788s] Invoking command in '/home/arrgusr/ROS2Dev/D_Mecatronico/build/arm_description': CMAKE_PREFIX_PATH=${CMAKE_PREFIX_PATH}:/opt/ros/jazzy DEBUGINFOD_URLS=https://debuginfod.ubuntu.com /usr/bin/cmake --build /home/arrgusr/ROS2Dev/D_Mecatronico/build/arm_description -- -j4 -l4
[2.862s] Invoked command in '/home/arrgusr/ROS2Dev/D_Mecatronico/build/arm_description' returned '0': CMAKE_PREFIX_PATH=${CMAKE_PREFIX_PATH}:/opt/ros/jazzy DEBUGINFOD_URLS=https://debuginfod.ubuntu.com /usr/bin/cmake --build /home/arrgusr/ROS2Dev/D_Mecatronico/build/arm_description -- -j4 -l4
[2.876s] Invoking command in '/home/arrgusr/ROS2Dev/D_Mecatronico/build/arm_description': CMAKE_PREFIX_PATH=${CMAKE_PREFIX_PATH}:/opt/ros/jazzy DEBUGINFOD_URLS=https://debuginfod.ubuntu.com /usr/bin/cmake --install /home/arrgusr/ROS2Dev/D_Mecatronico/build/arm_description
[2.888s] -- Install configuration: ""
[2.888s] -- Installing: /home/arrgusr/ROS2Dev/D_Mecatronico/install/arm_description/share/arm_description/urdf
[2.888s] -- Installing: /home/arrgusr/ROS2Dev/D_Mecatronico/install/arm_description/share/arm_description/urdf/arm_description.xacro
[2.888s] -- Installing: /home/arrgusr/ROS2Dev/D_Mecatronico/install/arm_description/share/arm_description/meshes
[2.890s] -- Installing: /home/arrgusr/ROS2Dev/D_Mecatronico/install/arm_description/share/arm_description/meshes/Griper.STL
[2.891s] -- Installing: /home/arrgusr/ROS2Dev/D_Mecatronico/install/arm_description/share/arm_description/meshes/Motor1.STL
[2.891s] -- Installing: /home/arrgusr/ROS2Dev/D_Mecatronico/install/arm_description/share/arm_description/meshes/Base.STL
[2.891s] -- Installing: /home/arrgusr/ROS2Dev/D_Mecatronico/install/arm_description/share/arm_description/meshes/base_link.STL
[2.891s] -- Installing: /home/arrgusr/ROS2Dev/D_Mecatronico/install/arm_description/share/arm_description/launch
[2.891s] -- Installing: /home/arrgusr/ROS2Dev/D_Mecatronico/install/arm_description/share/arm_description/launch/display.launch.py
[2.892s] -- Installing: /home/arrgusr/ROS2Dev/D_Mecatronico/install/arm_description/share/arm_description/rviz
[2.892s] -- Installing: /home/arrgusr/ROS2Dev/D_Mecatronico/install/arm_description/share/arm_description/config
[2.892s] -- Installing: /home/arrgusr/ROS2Dev/D_Mecatronico/install/arm_description/share/arm_description/config/arm_controllers.yaml
[2.895s] -- Installing: /home/arrgusr/ROS2Dev/D_Mecatronico/install/arm_description/share/ament_index/resource_index/package_run_dependencies/arm_description
[2.896s] -- Installing: /home/arrgusr/ROS2Dev/D_Mecatronico/install/arm_description/share/ament_index/resource_index/parent_prefix_path/arm_description
[2.896s] -- Installing: /home/arrgusr/ROS2Dev/D_Mecatronico/install/arm_description/share/arm_description/environment/ament_prefix_path.sh
[2.896s] -- Installing: /home/arrgusr/ROS2Dev/D_Mecatronico/install/arm_description/share/arm_description/environment/ament_prefix_path.dsv
[2.897s] -- Installing: /home/arrgusr/ROS2Dev/D_Mecatronico/install/arm_description/share/arm_description/environment/path.sh
[2.897s] -- Installing: /home/arrgusr/ROS2Dev/D_Mecatronico/install/arm_description/share/arm_description/environment/path.dsv
[2.897s] -- Installing: /home/arrgusr/ROS2Dev/D_Mecatronico/install/arm_description/share/arm_description/local_setup.bash
[2.897s] -- Installing: /home/arrgusr/ROS2Dev/D_Mecatronico/install/arm_description/share/arm_description/local_setup.sh
[2.897s] -- Installing: /home/arrgusr/ROS2Dev/D_Mecatronico/install/arm_description/share/arm_description/local_setup.zsh
[2.897s] -- Installing: /home/arrgusr/ROS2Dev/D_Mecatronico/install/arm_description/share/arm_description/local_setup.dsv
[2.898s] -- Installing: /home/arrgusr/ROS2Dev/D_Mecatronico/install/arm_description/share/arm_description/package.dsv
[2.898s] -- Installing: /home/arrgusr/ROS2Dev/D_Mecatronico/install/arm_description/share/ament_index/resource_index/packages/arm_description
[2.898s] -- Installing: /home/arrgusr/ROS2Dev/D_Mecatronico/install/arm_description/share/arm_description/cmake/arm_descriptionConfig.cmake
[2.898s] -- Installing: /home/arrgusr/ROS2Dev/D_Mecatronico/install/arm_description/share/arm_description/cmake/arm_descriptionConfig-version.cmake
[2.899s] -- Installing: /home/arrgusr/ROS2Dev/D_Mecatronico/install/arm_description/share/arm_description/package.xml
[2.902s] Invoked command in '/home/arrgusr/ROS2Dev/D_Mecatronico/build/arm_description' returned '0': CMAKE_PREFIX_PATH=${CMAKE_PREFIX_PATH}:/opt/ros/jazzy DEBUGINFOD_URLS=https://debuginfod.ubuntu.com /usr/bin/cmake --install /home/arrgusr/ROS2Dev/D_Mecatronico/build/arm_description
