[0.051s] Invoking command in '/home/arrgusr/ROS2Dev/D_Mecatronico/build/arm_description': CMAKE_PREFIX_PATH=${CMAKE_PREFIX_PATH}:/opt/ros/jazzy DEBUGINFOD_URLS=https://debuginfod.ubuntu.com /usr/bin/cmake --build /home/arrgusr/ROS2Dev/D_Mecatronico/build/arm_description -- -j4 -l4
[0.212s] -- Found ament_cmake: 2.5.6 (/opt/ros/jazzy/share/ament_cmake/cmake)
[1.999s] -- Found ament_lint_auto: 0.17.5 (/opt/ros/jazzy/share/ament_lint_auto/cmake)
[2.368s] -- Added test 'flake8' to check Python code syntax and style conventions
[2.369s] -- Configured 'flake8' exclude dirs and/or files: 
[2.370s] -- Added test 'lint_cmake' to check CMake code style
[2.371s] -- Added test 'pep257' to check Python code against some of the docstring style conventions in PEP 257
[2.376s] -- Added test 'xmllint' to check XML markup files
[2.382s] -- Configuring done (2.2s)
[2.403s] -- Generating done (0.0s)
[2.408s] -- Build files have been written to: /home/arrgusr/ROS2Dev/D_Mecatronico/build/arm_description
[2.476s] Invoked command in '/home/arrgusr/ROS2Dev/D_Mecatronico/build/arm_description' returned '0': CMAKE_PREFIX_PATH=${CMAKE_PREFIX_PATH}:/opt/ros/jazzy DEBUGINFOD_URLS=https://debuginfod.ubuntu.com /usr/bin/cmake --build /home/arrgusr/ROS2Dev/D_Mecatronico/build/arm_description -- -j4 -l4
[2.503s] Invoking command in '/home/arrgusr/ROS2Dev/D_Mecatronico/build/arm_description': CMAKE_PREFIX_PATH=${CMAKE_PREFIX_PATH}:/opt/ros/jazzy DEBUGINFOD_URLS=https://debuginfod.ubuntu.com /usr/bin/cmake --install /home/arrgusr/ROS2Dev/D_Mecatronico/build/arm_description
[2.530s] -- Install configuration: ""
[2.531s] -- Up-to-date: /home/arrgusr/ROS2Dev/D_Mecatronico/install/arm_description/share/arm_description/urdf
[2.531s] -- Up-to-date: /home/arrgusr/ROS2Dev/D_Mecatronico/install/arm_description/share/arm_description/urdf/arm_description.xacro
[2.531s] -- Up-to-date: /home/arrgusr/ROS2Dev/D_Mecatronico/install/arm_description/share/arm_description/meshes
[2.531s] -- Up-to-date: /home/arrgusr/ROS2Dev/D_Mecatronico/install/arm_description/share/arm_description/meshes/rotacion_brazo.STL
[2.531s] -- Up-to-date: /home/arrgusr/ROS2Dev/D_Mecatronico/install/arm_description/share/arm_description/meshes/base_link.STL
[2.531s] -- Up-to-date: /home/arrgusr/ROS2Dev/D_Mecatronico/install/arm_description/share/arm_description/meshes/brazo_gripper.STL
[2.531s] -- Up-to-date: /home/arrgusr/ROS2Dev/D_Mecatronico/install/arm_description/share/arm_description/meshes/disco_soportes.STL
[2.531s] -- Up-to-date: /home/arrgusr/ROS2Dev/D_Mecatronico/install/arm_description/share/arm_description/meshes/gripper.STL
[2.531s] -- Up-to-date: /home/arrgusr/ROS2Dev/D_Mecatronico/install/arm_description/share/arm_description/meshes/brazo_base.STL
[2.534s] -- Up-to-date: /home/arrgusr/ROS2Dev/D_Mecatronico/install/arm_description/share/arm_description/meshes/eje_x.STL
[2.534s] -- Up-to-date: /home/arrgusr/ROS2Dev/D_Mecatronico/install/arm_description/share/arm_description/launch
[2.534s] -- Up-to-date: /home/arrgusr/ROS2Dev/D_Mecatronico/install/arm_description/share/arm_description/launch/real_robot.launch.py
[2.534s] -- Up-to-date: /home/arrgusr/ROS2Dev/D_Mecatronico/install/arm_description/share/arm_description/launch/gazebo.launch.py
[2.534s] -- Up-to-date: /home/arrgusr/ROS2Dev/D_Mecatronico/install/arm_description/share/arm_description/rviz
[2.534s] -- Up-to-date: /home/arrgusr/ROS2Dev/D_Mecatronico/install/arm_description/share/arm_description/config
[2.535s] -- Up-to-date: /home/arrgusr/ROS2Dev/D_Mecatronico/install/arm_description/share/arm_description/config/arm_controllers.yaml
[2.535s] -- Installing: /home/arrgusr/ROS2Dev/D_Mecatronico/install/arm_description/share/arm_description/scripts
[2.535s] -- Installing: /home/arrgusr/ROS2Dev/D_Mecatronico/install/arm_description/share/arm_description/scripts/serial_bridge.py
[2.536s] -- Installing: /home/arrgusr/ROS2Dev/D_Mecatronico/install/arm_description/share/arm_description/scripts/teach_repeat.py
[2.536s] -- Installing: /home/arrgusr/ROS2Dev/D_Mecatronico/install/arm_description/share/arm_description/scripts/teach_pendant_gui.py
[2.536s] -- Up-to-date: /home/arrgusr/ROS2Dev/D_Mecatronico/install/arm_description/lib/arm_description/teach_repeat.py
[2.537s] -- Up-to-date: /home/arrgusr/ROS2Dev/D_Mecatronico/install/arm_description/lib/arm_description/teach_pendant_gui.py
[2.537s] -- Installing: /home/arrgusr/ROS2Dev/D_Mecatronico/install/arm_description/lib/arm_description/serial_bridge.py
[2.537s] -- Up-to-date: /home/arrgusr/ROS2Dev/D_Mecatronico/install/arm_description/share/ament_index/resource_index/package_run_dependencies/arm_description
[2.537s] -- Up-to-date: /home/arrgusr/ROS2Dev/D_Mecatronico/install/arm_description/share/ament_index/resource_index/parent_prefix_path/arm_description
[2.538s] -- Up-to-date: /home/arrgusr/ROS2Dev/D_Mecatronico/install/arm_description/share/arm_description/environment/ament_prefix_path.sh
[2.538s] -- Up-to-date: /home/arrgusr/ROS2Dev/D_Mecatronico/install/arm_description/share/arm_description/environment/ament_prefix_path.dsv
[2.538s] -- Up-to-date: /home/arrgusr/ROS2Dev/D_Mecatronico/install/arm_description/share/arm_description/environment/path.sh
[2.538s] -- Up-to-date: /home/arrgusr/ROS2Dev/D_Mecatronico/install/arm_description/share/arm_description/environment/path.dsv
[2.538s] -- Up-to-date: /home/arrgusr/ROS2Dev/D_Mecatronico/install/arm_description/share/arm_description/local_setup.bash
[2.538s] -- Up-to-date: /home/arrgusr/ROS2Dev/D_Mecatronico/install/arm_description/share/arm_description/local_setup.sh
[2.539s] -- Up-to-date: /home/arrgusr/ROS2Dev/D_Mecatronico/install/arm_description/share/arm_description/local_setup.zsh
[2.539s] -- Up-to-date: /home/arrgusr/ROS2Dev/D_Mecatronico/install/arm_description/share/arm_description/local_setup.dsv
[2.539s] -- Installing: /home/arrgusr/ROS2Dev/D_Mecatronico/install/arm_description/share/arm_description/package.dsv
[2.539s] -- Up-to-date: /home/arrgusr/ROS2Dev/D_Mecatronico/install/arm_description/share/ament_index/resource_index/packages/arm_description
[2.539s] -- Up-to-date: /home/arrgusr/ROS2Dev/D_Mecatronico/install/arm_description/share/arm_description/cmake/arm_descriptionConfig.cmake
[2.539s] -- Up-to-date: /home/arrgusr/ROS2Dev/D_Mecatronico/install/arm_description/share/arm_description/cmake/arm_descriptionConfig-version.cmake
[2.539s] -- Up-to-date: /home/arrgusr/ROS2Dev/D_Mecatronico/install/arm_description/share/arm_description/package.xml
[2.547s] Invoked command in '/home/arrgusr/ROS2Dev/D_Mecatronico/build/arm_description' returned '0': CMAKE_PREFIX_PATH=${CMAKE_PREFIX_PATH}:/opt/ros/jazzy DEBUGINFOD_URLS=https://debuginfod.ubuntu.com /usr/bin/cmake --install /home/arrgusr/ROS2Dev/D_Mecatronico/build/arm_description
